!SESSION 2020-10-15 13:23:37.040 -----------------------------------------------
eclipse.buildId=4.17.0.I20200902-1800
java.version=14.0.2
java.vendor=Oracle Corporation
BootLoader constants: OS=win32, ARCH=x86_64, WS=win32, NL=en_IN
Framework arguments:  -product org.eclipse.epp.package.jee.product
Command-line arguments:  -os win32 -ws win32 -arch x86_64 -product org.eclipse.epp.package.jee.product

!ENTRY org.eclipse.ui 2 0 2020-10-15 13:23:42.471
!MESSAGE Warnings while parsing the key bindings from the 'org.eclipse.ui.commands' and 'org.eclipse.ui.bindings' extension point
!SUBENTRY 1 org.eclipse.ui 2 0 2020-10-15 13:23:42.471
!MESSAGE Cannot bind to an undefined command: plug-in='org.eclipse.wst.jsdt.ui', id='org.eclipse.wst.jsdt.ui.edit.text.java.select.enclosing'
!SUBENTRY 1 org.eclipse.ui 2 0 2020-10-15 13:23:42.471
!MESSAGE Cannot bind to an undefined command: plug-in='org.eclipse.wst.jsdt.ui', id='org.eclipse.wst.jsdt.ui.edit.text.java.select.enclosing'
!SUBENTRY 1 org.eclipse.ui 2 0 2020-10-15 13:23:42.471
!MESSAGE Cannot bind to an undefined command: plug-in='org.eclipse.wst.jsdt.ui', id='org.eclipse.wst.jsdt.ui.edit.text.java.select.next'
!SUBENTRY 1 org.eclipse.ui 2 0 2020-10-15 13:23:42.471
!MESSAGE Cannot bind to an undefined command: plug-in='org.eclipse.wst.jsdt.ui', id='org.eclipse.wst.jsdt.ui.edit.text.java.select.next'
!SUBENTRY 1 org.eclipse.ui 2 0 2020-10-15 13:23:42.471
!MESSAGE Cannot bind to an undefined command: plug-in='org.eclipse.wst.jsdt.ui', id='org.eclipse.wst.jsdt.ui.edit.text.java.select.previous'
!SUBENTRY 1 org.eclipse.ui 2 0 2020-10-15 13:23:42.471
!MESSAGE Cannot bind to an undefined command: plug-in='org.eclipse.wst.jsdt.ui', id='org.eclipse.wst.jsdt.ui.edit.text.java.select.previous'
!SUBENTRY 1 org.eclipse.ui 2 0 2020-10-15 13:23:42.471
!MESSAGE Cannot bind to an undefined command: plug-in='org.eclipse.wst.jsdt.ui', id='org.eclipse.wst.jsdt.ui.edit.text.java.select.last'
!SUBENTRY 1 org.eclipse.ui 2 0 2020-10-15 13:23:42.471
!MESSAGE Cannot bind to an undefined command: plug-in='org.eclipse.wst.jsdt.ui', id='org.eclipse.wst.jsdt.ui.edit.text.java.select.last'
!SUBENTRY 1 org.eclipse.ui 2 0 2020-10-15 13:23:42.471
!MESSAGE Cannot bind to an undefined command: plug-in='org.eclipse.wst.jsdt.ui', id='org.eclipse.wst.jsdt.ui.edit.text.java.source.quickMenu'
!SUBENTRY 1 org.eclipse.ui 2 0 2020-10-15 13:23:42.471
!MESSAGE Cannot bind to an undefined command: plug-in='org.eclipse.wst.jsdt.ui', id='org.eclipse.wst.jsdt.ui.edit.text.java.source.quickMenu'
!SUBENTRY 1 org.eclipse.ui 2 0 2020-10-15 13:23:42.471
!MESSAGE Cannot bind to an undefined command: plug-in='org.eclipse.wst.jsdt.ui', id='org.eclipse.wst.jsdt.ui.edit.text.java.add.import'
!SUBENTRY 1 org.eclipse.ui 2 0 2020-10-15 13:23:42.471
!MESSAGE Cannot bind to an undefined command: plug-in='org.eclipse.wst.jsdt.ui', id='org.eclipse.wst.jsdt.ui.edit.text.java.organize.imports'
!SUBENTRY 1 org.eclipse.ui 2 0 2020-10-15 13:23:42.471
!MESSAGE Cannot bind to an undefined command: plug-in='org.eclipse.wst.jsdt.ui', id='org.eclipse.wst.jsdt.ui.edit.text.java.refactor.quickMenu'
!SUBENTRY 1 org.eclipse.ui 2 0 2020-10-15 13:23:42.471
!MESSAGE Cannot bind to an undefined command: plug-in='org.eclipse.wst.jsdt.ui', id='org.eclipse.wst.jsdt.ui.edit.text.java.refactor.quickMenu'
!SUBENTRY 1 org.eclipse.ui 2 0 2020-10-15 13:23:42.471
!MESSAGE Cannot bind to an undefined command: plug-in='org.eclipse.wst.jsdt.ui', id='org.eclipse.wst.jsdt.ui.edit.text.java.rename.element'
!SUBENTRY 1 org.eclipse.ui 2 0 2020-10-15 13:23:42.472
!MESSAGE Cannot bind to an undefined command: plug-in='org.eclipse.wst.jsdt.ui', id='org.eclipse.wst.jsdt.ui.edit.text.java.rename.element'
!SUBENTRY 1 org.eclipse.ui 2 0 2020-10-15 13:23:42.472
!MESSAGE Cannot bind to an undefined command: plug-in='org.eclipse.wst.jsdt.ui', id='org.eclipse.wst.jsdt.ui.edit.text.java.move.element'
!SUBENTRY 1 org.eclipse.ui 2 0 2020-10-15 13:23:42.472
!MESSAGE Cannot bind to an undefined command: plug-in='org.eclipse.wst.jsdt.ui', id='org.eclipse.wst.jsdt.ui.edit.text.java.move.element'
!SUBENTRY 1 org.eclipse.ui 2 0 2020-10-15 13:23:42.472
!MESSAGE Cannot bind to an undefined command: plug-in='org.eclipse.wst.jsdt.ui', id='org.eclipse.wst.jsdt.ui.edit.text.java.modify.method.parameters'
!SUBENTRY 1 org.eclipse.ui 2 0 2020-10-15 13:23:42.472
!MESSAGE Cannot bind to an undefined command: plug-in='org.eclipse.wst.jsdt.ui', id='org.eclipse.wst.jsdt.ui.edit.text.java.modify.method.parameters'
!SUBENTRY 1 org.eclipse.ui 2 0 2020-10-15 13:23:42.472
!MESSAGE Cannot bind to an undefined command: plug-in='org.eclipse.wst.jsdt.ui', id='org.eclipse.wst.jsdt.ui.edit.text.java.inline'
!SUBENTRY 1 org.eclipse.ui 2 0 2020-10-15 13:23:42.472
!MESSAGE Cannot bind to an undefined command: plug-in='org.eclipse.wst.jsdt.ui', id='org.eclipse.wst.jsdt.ui.edit.text.java.inline'
!SUBENTRY 1 org.eclipse.ui 2 0 2020-10-15 13:23:42.472
!MESSAGE Cannot bind to an undefined command: plug-in='org.eclipse.wst.jsdt.ui', id='org.eclipse.wst.jsdt.ui.edit.text.java.extract.method'
!SUBENTRY 1 org.eclipse.ui 2 0 2020-10-15 13:23:42.472
!MESSAGE Cannot bind to an undefined command: plug-in='org.eclipse.wst.jsdt.ui', id='org.eclipse.wst.jsdt.ui.edit.text.java.extract.method'
!SUBENTRY 1 org.eclipse.ui 2 0 2020-10-15 13:23:42.472
!MESSAGE Cannot bind to an undefined command: plug-in='org.eclipse.wst.jsdt.ui', id='org.eclipse.wst.jsdt.ui.edit.text.java.extract.local.variable'
!SUBENTRY 1 org.eclipse.ui 2 0 2020-10-15 13:23:42.472
!MESSAGE Cannot bind to an undefined command: plug-in='org.eclipse.wst.jsdt.ui', id='org.eclipse.wst.jsdt.ui.edit.text.java.extract.local.variable'
!SUBENTRY 1 org.eclipse.ui 2 0 2020-10-15 13:23:42.472
!MESSAGE Cannot bind to an undefined command: plug-in='org.eclipse.wst.jsdt.ui', id='org.eclipse.wst.jsdt.ui.edit.text.java.open.hierarchy'
!SUBENTRY 1 org.eclipse.ui 2 0 2020-10-15 13:23:42.472
!MESSAGE Cannot bind to an undefined command: plug-in='org.eclipse.wst.jsdt.ui', id='org.eclipse.wst.jsdt.ui.TypeHierarchy'
!SUBENTRY 1 org.eclipse.ui 2 0 2020-10-15 13:23:42.472
!MESSAGE Cannot bind to an undefined command: plug-in='org.eclipse.wst.jsdt.ui', id='org.eclipse.wst.jsdt.ui.TypeHierarchy'
!SUBENTRY 1 org.eclipse.ui 2 0 2020-10-15 13:23:42.472
!MESSAGE Cannot bind to an undefined command: plug-in='org.eclipse.wst.jsdt.ui', id='org.eclipse.wst.jsdt.ui.PackageExplorer'
!SUBENTRY 1 org.eclipse.ui 2 0 2020-10-15 13:23:42.472
!MESSAGE Cannot bind to an undefined command: plug-in='org.eclipse.wst.jsdt.ui', id='org.eclipse.wst.jsdt.ui.PackageExplorer'
!SUBENTRY 1 org.eclipse.ui 2 0 2020-10-15 13:23:42.472
!MESSAGE Cannot bind to an undefined command: plug-in='org.eclipse.wst.jsdt.ui', id='org.eclipse.wst.jsdt.ui.SourceView'
!SUBENTRY 1 org.eclipse.ui 2 0 2020-10-15 13:23:42.472
!MESSAGE Cannot bind to an undefined command: plug-in='org.eclipse.wst.jsdt.ui', id='org.eclipse.wst.jsdt.ui.SourceView'
!SUBENTRY 1 org.eclipse.ui 2 0 2020-10-15 13:23:42.472
!MESSAGE Cannot bind to an undefined command: plug-in='org.eclipse.wst.jsdt.ui', id='org.eclipse.wst.jsdt.ui.JavadocView'
!SUBENTRY 1 org.eclipse.ui 2 0 2020-10-15 13:23:42.472
!MESSAGE Cannot bind to an undefined command: plug-in='org.eclipse.wst.jsdt.ui', id='org.eclipse.wst.jsdt.ui.JavadocView'

!ENTRY org.eclipse.jface 2 0 2020-10-15 13:23:43.675
!MESSAGE Keybinding conflicts occurred.  They may interfere with normal accelerator operation.
!SUBENTRY 1 org.eclipse.jface 2 0 2020-10-15 13:23:43.675
!MESSAGE A conflict occurred for CTRL+SHIFT+T:
Binding(CTRL+SHIFT+T,
	ParameterizedCommand(Command(org.eclipse.jdt.ui.navigate.open.type,Open Type,
		Open a type in a Java editor,
		Category(org.eclipse.ui.category.navigate,Navigate,null,true),
		org.eclipse.ui.internal.WorkbenchHandlerServiceHandler@5af8ef61,
		,,true),null),
	org.eclipse.ui.defaultAcceleratorConfiguration,
	org.eclipse.ui.contexts.window,,,system)
Binding(CTRL+SHIFT+T,
	ParameterizedCommand(Command(org.eclipse.lsp4e.symbolinworkspace,Go to Symbol in Workspace,
		,
		Category(org.eclipse.lsp4e.category,Language Servers,null,true),
		org.eclipse.ui.internal.WorkbenchHandlerServiceHandler@5620470a,
		,,true),null),
	org.eclipse.ui.defaultAcceleratorConfiguration,
	org.eclipse.ui.contexts.window,,,system)

!ENTRY org.eclipse.egit.ui 2 0 2020-10-15 13:23:49.263
!MESSAGE Warning: The environment variable HOME is not set. The following directory will be used to store the Git
user global configuration and to define the default location to store repositories: 'C:\Users\siddh'. If this is
not correct please set the HOME environment variable and restart Eclipse. Otherwise Git for Windows and
EGit might behave differently since they see different configuration options.
This warning can be switched off on the Team > Git > Confirmations and Warnings preference page.
!SESSION 2020-10-15 20:23:51.536 -----------------------------------------------
eclipse.buildId=4.17.0.I20200902-1800
java.version=14.0.2
java.vendor=Oracle Corporation
BootLoader constants: OS=win32, ARCH=x86_64, WS=win32, NL=en_IN
Framework arguments:  -product org.eclipse.epp.package.jee.product
Command-line arguments:  -os win32 -ws win32 -arch x86_64 -product org.eclipse.epp.package.jee.product

!ENTRY org.eclipse.ui 2 0 2020-10-15 20:23:56.486
!MESSAGE Warnings while parsing the key bindings from the 'org.eclipse.ui.commands' and 'org.eclipse.ui.bindings' extension point
!SUBENTRY 1 org.eclipse.ui 2 0 2020-10-15 20:23:56.486
!MESSAGE Cannot bind to an undefined command: plug-in='org.eclipse.wst.jsdt.ui', id='org.eclipse.wst.jsdt.ui.edit.text.java.select.enclosing'
!SUBENTRY 1 org.eclipse.ui 2 0 2020-10-15 20:23:56.486
!MESSAGE Cannot bind to an undefined command: plug-in='org.eclipse.wst.jsdt.ui', id='org.eclipse.wst.jsdt.ui.edit.text.java.select.enclosing'
!SUBENTRY 1 org.eclipse.ui 2 0 2020-10-15 20:23:56.486
!MESSAGE Cannot bind to an undefined command: plug-in='org.eclipse.wst.jsdt.ui', id='org.eclipse.wst.jsdt.ui.edit.text.java.select.next'
!SUBENTRY 1 org.eclipse.ui 2 0 2020-10-15 20:23:56.486
!MESSAGE Cannot bind to an undefined command: plug-in='org.eclipse.wst.jsdt.ui', id='org.eclipse.wst.jsdt.ui.edit.text.java.select.next'
!SUBENTRY 1 org.eclipse.ui 2 0 2020-10-15 20:23:56.486
!MESSAGE Cannot bind to an undefined command: plug-in='org.eclipse.wst.jsdt.ui', id='org.eclipse.wst.jsdt.ui.edit.text.java.select.previous'
!SUBENTRY 1 org.eclipse.ui 2 0 2020-10-15 20:23:56.486
!MESSAGE Cannot bind to an undefined command: plug-in='org.eclipse.wst.jsdt.ui', id='org.eclipse.wst.jsdt.ui.edit.text.java.select.previous'
!SUBENTRY 1 org.eclipse.ui 2 0 2020-10-15 20:23:56.486
!MESSAGE Cannot bind to an undefined command: plug-in='org.eclipse.wst.jsdt.ui', id='org.eclipse.wst.jsdt.ui.edit.text.java.select.last'
!SUBENTRY 1 org.eclipse.ui 2 0 2020-10-15 20:23:56.486
!MESSAGE Cannot bind to an undefined command: plug-in='org.eclipse.wst.jsdt.ui', id='org.eclipse.wst.jsdt.ui.edit.text.java.select.last'
!SUBENTRY 1 org.eclipse.ui 2 0 2020-10-15 20:23:56.486
!MESSAGE Cannot bind to an undefined command: plug-in='org.eclipse.wst.jsdt.ui', id='org.eclipse.wst.jsdt.ui.edit.text.java.source.quickMenu'
!SUBENTRY 1 org.eclipse.ui 2 0 2020-10-15 20:23:56.486
!MESSAGE Cannot bind to an undefined command: plug-in='org.eclipse.wst.jsdt.ui', id='org.eclipse.wst.jsdt.ui.edit.text.java.source.quickMenu'
!SUBENTRY 1 org.eclipse.ui 2 0 2020-10-15 20:23:56.486
!MESSAGE Cannot bind to an undefined command: plug-in='org.eclipse.wst.jsdt.ui', id='org.eclipse.wst.jsdt.ui.edit.text.java.add.import'
!SUBENTRY 1 org.eclipse.ui 2 0 2020-10-15 20:23:56.486
!MESSAGE Cannot bind to an undefined command: plug-in='org.eclipse.wst.jsdt.ui', id='org.eclipse.wst.jsdt.ui.edit.text.java.organize.imports'
!SUBENTRY 1 org.eclipse.ui 2 0 2020-10-15 20:23:56.486
!MESSAGE Cannot bind to an undefined command: plug-in='org.eclipse.wst.jsdt.ui', id='org.eclipse.wst.jsdt.ui.edit.text.java.refactor.quickMenu'
!SUBENTRY 1 org.eclipse.ui 2 0 2020-10-15 20:23:56.486
!MESSAGE Cannot bind to an undefined command: plug-in='org.eclipse.wst.jsdt.ui', id='org.eclipse.wst.jsdt.ui.edit.text.java.refactor.quickMenu'
!SUBENTRY 1 org.eclipse.ui 2 0 2020-10-15 20:23:56.486
!MESSAGE Cannot bind to an undefined command: plug-in='org.eclipse.wst.jsdt.ui', id='org.eclipse.wst.jsdt.ui.edit.text.java.rename.element'
!SUBENTRY 1 org.eclipse.ui 2 0 2020-10-15 20:23:56.486
!MESSAGE Cannot bind to an undefined command: plug-in='org.eclipse.wst.jsdt.ui', id='org.eclipse.wst.jsdt.ui.edit.text.java.rename.element'
!SUBENTRY 1 org.eclipse.ui 2 0 2020-10-15 20:23:56.486
!MESSAGE Cannot bind to an undefined command: plug-in='org.eclipse.wst.jsdt.ui', id='org.eclipse.wst.jsdt.ui.edit.text.java.move.element'
!SUBENTRY 1 org.eclipse.ui 2 0 2020-10-15 20:23:56.486
!MESSAGE Cannot bind to an undefined command: plug-in='org.eclipse.wst.jsdt.ui', id='org.eclipse.wst.jsdt.ui.edit.text.java.move.element'
!SUBENTRY 1 org.eclipse.ui 2 0 2020-10-15 20:23:56.486
!MESSAGE Cannot bind to an undefined command: plug-in='org.eclipse.wst.jsdt.ui', id='org.eclipse.wst.jsdt.ui.edit.text.java.modify.method.parameters'
!SUBENTRY 1 org.eclipse.ui 2 0 2020-10-15 20:23:56.486
!MESSAGE Cannot bind to an undefined command: plug-in='org.eclipse.wst.jsdt.ui', id='org.eclipse.wst.jsdt.ui.edit.text.java.modify.method.parameters'
!SUBENTRY 1 org.eclipse.ui 2 0 2020-10-15 20:23:56.486
!MESSAGE Cannot bind to an undefined command: plug-in='org.eclipse.wst.jsdt.ui', id='org.eclipse.wst.jsdt.ui.edit.text.java.inline'
!SUBENTRY 1 org.eclipse.ui 2 0 2020-10-15 20:23:56.486
!MESSAGE Cannot bind to an undefined command: plug-in='org.eclipse.wst.jsdt.ui', id='org.eclipse.wst.jsdt.ui.edit.text.java.inline'
!SUBENTRY 1 org.eclipse.ui 2 0 2020-10-15 20:23:56.486
!MESSAGE Cannot bind to an undefined command: plug-in='org.eclipse.wst.jsdt.ui', id='org.eclipse.wst.jsdt.ui.edit.text.java.extract.method'
!SUBENTRY 1 org.eclipse.ui 2 0 2020-10-15 20:23:56.486
!MESSAGE Cannot bind to an undefined command: plug-in='org.eclipse.wst.jsdt.ui', id='org.eclipse.wst.jsdt.ui.edit.text.java.extract.method'
!SUBENTRY 1 org.eclipse.ui 2 0 2020-10-15 20:23:56.486
!MESSAGE Cannot bind to an undefined command: plug-in='org.eclipse.wst.jsdt.ui', id='org.eclipse.wst.jsdt.ui.edit.text.java.extract.local.variable'
!SUBENTRY 1 org.eclipse.ui 2 0 2020-10-15 20:23:56.486
!MESSAGE Cannot bind to an undefined command: plug-in='org.eclipse.wst.jsdt.ui', id='org.eclipse.wst.jsdt.ui.edit.text.java.extract.local.variable'
!SUBENTRY 1 org.eclipse.ui 2 0 2020-10-15 20:23:56.486
!MESSAGE Cannot bind to an undefined command: plug-in='org.eclipse.wst.jsdt.ui', id='org.eclipse.wst.jsdt.ui.edit.text.java.open.hierarchy'
!SUBENTRY 1 org.eclipse.ui 2 0 2020-10-15 20:23:56.486
!MESSAGE Cannot bind to an undefined command: plug-in='org.eclipse.wst.jsdt.ui', id='org.eclipse.wst.jsdt.ui.TypeHierarchy'
!SUBENTRY 1 org.eclipse.ui 2 0 2020-10-15 20:23:56.486
!MESSAGE Cannot bind to an undefined command: plug-in='org.eclipse.wst.jsdt.ui', id='org.eclipse.wst.jsdt.ui.TypeHierarchy'
!SUBENTRY 1 org.eclipse.ui 2 0 2020-10-15 20:23:56.486
!MESSAGE Cannot bind to an undefined command: plug-in='org.eclipse.wst.jsdt.ui', id='org.eclipse.wst.jsdt.ui.PackageExplorer'
!SUBENTRY 1 org.eclipse.ui 2 0 2020-10-15 20:23:56.486
!MESSAGE Cannot bind to an undefined command: plug-in='org.eclipse.wst.jsdt.ui', id='org.eclipse.wst.jsdt.ui.PackageExplorer'
!SUBENTRY 1 org.eclipse.ui 2 0 2020-10-15 20:23:56.486
!MESSAGE Cannot bind to an undefined command: plug-in='org.eclipse.wst.jsdt.ui', id='org.eclipse.wst.jsdt.ui.SourceView'
!SUBENTRY 1 org.eclipse.ui 2 0 2020-10-15 20:23:56.486
!MESSAGE Cannot bind to an undefined command: plug-in='org.eclipse.wst.jsdt.ui', id='org.eclipse.wst.jsdt.ui.SourceView'
!SUBENTRY 1 org.eclipse.ui 2 0 2020-10-15 20:23:56.486
!MESSAGE Cannot bind to an undefined command: plug-in='org.eclipse.wst.jsdt.ui', id='org.eclipse.wst.jsdt.ui.JavadocView'
!SUBENTRY 1 org.eclipse.ui 2 0 2020-10-15 20:23:56.486
!MESSAGE Cannot bind to an undefined command: plug-in='org.eclipse.wst.jsdt.ui', id='org.eclipse.wst.jsdt.ui.JavadocView'

!ENTRY org.eclipse.jface 2 0 2020-10-15 20:23:58.828
!MESSAGE Keybinding conflicts occurred.  They may interfere with normal accelerator operation.
!SUBENTRY 1 org.eclipse.jface 2 0 2020-10-15 20:23:58.828
!MESSAGE A conflict occurred for CTRL+SHIFT+T:
Binding(CTRL+SHIFT+T,
	ParameterizedCommand(Command(org.eclipse.jdt.ui.navigate.open.type,Open Type,
		Open a type in a Java editor,
		Category(org.eclipse.ui.category.navigate,Navigate,null,true),
		org.eclipse.ui.internal.WorkbenchHandlerServiceHandler@15d68a50,
		,,true),null),
	org.eclipse.ui.defaultAcceleratorConfiguration,
	org.eclipse.ui.contexts.window,,,system)
Binding(CTRL+SHIFT+T,
	ParameterizedCommand(Command(org.eclipse.lsp4e.symbolinworkspace,Go to Symbol in Workspace,
		,
		Category(org.eclipse.lsp4e.category,Language Servers,null,true),
		org.eclipse.ui.internal.WorkbenchHandlerServiceHandler@a1689e8,
		,,true),null),
	org.eclipse.ui.defaultAcceleratorConfiguration,
	org.eclipse.ui.contexts.window,,,system)

!ENTRY org.eclipse.egit.ui 2 0 2020-10-15 20:24:08.655
!MESSAGE Warning: The environment variable HOME is not set. The following directory will be used to store the Git
user global configuration and to define the default location to store repositories: 'C:\Users\siddh'. If this is
not correct please set the HOME environment variable and restart Eclipse. Otherwise Git for Windows and
EGit might behave differently since they see different configuration options.
This warning can be switched off on the Team > Git > Confirmations and Warnings preference page.
!SESSION 2020-10-15 23:31:00.805 -----------------------------------------------
eclipse.buildId=4.17.0.I20200902-1800
java.version=14.0.2
java.vendor=Oracle Corporation
BootLoader constants: OS=win32, ARCH=x86_64, WS=win32, NL=en_IN
Framework arguments:  -product org.eclipse.epp.package.jee.product
Command-line arguments:  -os win32 -ws win32 -arch x86_64 -product org.eclipse.epp.package.jee.product

!ENTRY org.eclipse.ui 2 0 2020-10-15 23:31:05.689
!MESSAGE Warnings while parsing the key bindings from the 'org.eclipse.ui.commands' and 'org.eclipse.ui.bindings' extension point
!SUBENTRY 1 org.eclipse.ui 2 0 2020-10-15 23:31:05.689
!MESSAGE Cannot bind to an undefined command: plug-in='org.eclipse.wst.jsdt.ui', id='org.eclipse.wst.jsdt.ui.edit.text.java.select.enclosing'
!SUBENTRY 1 org.eclipse.ui 2 0 2020-10-15 23:31:05.689
!MESSAGE Cannot bind to an undefined command: plug-in='org.eclipse.wst.jsdt.ui', id='org.eclipse.wst.jsdt.ui.edit.text.java.select.enclosing'
!SUBENTRY 1 org.eclipse.ui 2 0 2020-10-15 23:31:05.689
!MESSAGE Cannot bind to an undefined command: plug-in='org.eclipse.wst.jsdt.ui', id='org.eclipse.wst.jsdt.ui.edit.text.java.select.next'
!SUBENTRY 1 org.eclipse.ui 2 0 2020-10-15 23:31:05.689
!MESSAGE Cannot bind to an undefined command: plug-in='org.eclipse.wst.jsdt.ui', id='org.eclipse.wst.jsdt.ui.edit.text.java.select.next'
!SUBENTRY 1 org.eclipse.ui 2 0 2020-10-15 23:31:05.689
!MESSAGE Cannot bind to an undefined command: plug-in='org.eclipse.wst.jsdt.ui', id='org.eclipse.wst.jsdt.ui.edit.text.java.select.previous'
!SUBENTRY 1 org.eclipse.ui 2 0 2020-10-15 23:31:05.689
!MESSAGE Cannot bind to an undefined command: plug-in='org.eclipse.wst.jsdt.ui', id='org.eclipse.wst.jsdt.ui.edit.text.java.select.previous'
!SUBENTRY 1 org.eclipse.ui 2 0 2020-10-15 23:31:05.689
!MESSAGE Cannot bind to an undefined command: plug-in='org.eclipse.wst.jsdt.ui', id='org.eclipse.wst.jsdt.ui.edit.text.java.select.last'
!SUBENTRY 1 org.eclipse.ui 2 0 2020-10-15 23:31:05.689
!MESSAGE Cannot bind to an undefined command: plug-in='org.eclipse.wst.jsdt.ui', id='org.eclipse.wst.jsdt.ui.edit.text.java.select.last'
!SUBENTRY 1 org.eclipse.ui 2 0 2020-10-15 23:31:05.689
!MESSAGE Cannot bind to an undefined command: plug-in='org.eclipse.wst.jsdt.ui', id='org.eclipse.wst.jsdt.ui.edit.text.java.source.quickMenu'
!SUBENTRY 1 org.eclipse.ui 2 0 2020-10-15 23:31:05.689
!MESSAGE Cannot bind to an undefined command: plug-in='org.eclipse.wst.jsdt.ui', id='org.eclipse.wst.jsdt.ui.edit.text.java.source.quickMenu'
!SUBENTRY 1 org.eclipse.ui 2 0 2020-10-15 23:31:05.689
!MESSAGE Cannot bind to an undefined command: plug-in='org.eclipse.wst.jsdt.ui', id='org.eclipse.wst.jsdt.ui.edit.text.java.add.import'
!SUBENTRY 1 org.eclipse.ui 2 0 2020-10-15 23:31:05.689
!MESSAGE Cannot bind to an undefined command: plug-in='org.eclipse.wst.jsdt.ui', id='org.eclipse.wst.jsdt.ui.edit.text.java.organize.imports'
!SUBENTRY 1 org.eclipse.ui 2 0 2020-10-15 23:31:05.689
!MESSAGE Cannot bind to an undefined command: plug-in='org.eclipse.wst.jsdt.ui', id='org.eclipse.wst.jsdt.ui.edit.text.java.refactor.quickMenu'
!SUBENTRY 1 org.eclipse.ui 2 0 2020-10-15 23:31:05.689
!MESSAGE Cannot bind to an undefined command: plug-in='org.eclipse.wst.jsdt.ui', id='org.eclipse.wst.jsdt.ui.edit.text.java.refactor.quickMenu'
!SUBENTRY 1 org.eclipse.ui 2 0 2020-10-15 23:31:05.689
!MESSAGE Cannot bind to an undefined command: plug-in='org.eclipse.wst.jsdt.ui', id='org.eclipse.wst.jsdt.ui.edit.text.java.rename.element'
!SUBENTRY 1 org.eclipse.ui 2 0 2020-10-15 23:31:05.689
!MESSAGE Cannot bind to an undefined command: plug-in='org.eclipse.wst.jsdt.ui', id='org.eclipse.wst.jsdt.ui.edit.text.java.rename.element'
!SUBENTRY 1 org.eclipse.ui 2 0 2020-10-15 23:31:05.689
!MESSAGE Cannot bind to an undefined command: plug-in='org.eclipse.wst.jsdt.ui', id='org.eclipse.wst.jsdt.ui.edit.text.java.move.element'
!SUBENTRY 1 org.eclipse.ui 2 0 2020-10-15 23:31:05.689
!MESSAGE Cannot bind to an undefined command: plug-in='org.eclipse.wst.jsdt.ui', id='org.eclipse.wst.jsdt.ui.edit.text.java.move.element'
!SUBENTRY 1 org.eclipse.ui 2 0 2020-10-15 23:31:05.689
!MESSAGE Cannot bind to an undefined command: plug-in='org.eclipse.wst.jsdt.ui', id='org.eclipse.wst.jsdt.ui.edit.text.java.modify.method.parameters'
!SUBENTRY 1 org.eclipse.ui 2 0 2020-10-15 23:31:05.689
!MESSAGE Cannot bind to an undefined command: plug-in='org.eclipse.wst.jsdt.ui', id='org.eclipse.wst.jsdt.ui.edit.text.java.modify.method.parameters'
!SUBENTRY 1 org.eclipse.ui 2 0 2020-10-15 23:31:05.689
!MESSAGE Cannot bind to an undefined command: plug-in='org.eclipse.wst.jsdt.ui', id='org.eclipse.wst.jsdt.ui.edit.text.java.inline'
!SUBENTRY 1 org.eclipse.ui 2 0 2020-10-15 23:31:05.689
!MESSAGE Cannot bind to an undefined command: plug-in='org.eclipse.wst.jsdt.ui', id='org.eclipse.wst.jsdt.ui.edit.text.java.inline'
!SUBENTRY 1 org.eclipse.ui 2 0 2020-10-15 23:31:05.689
!MESSAGE Cannot bind to an undefined command: plug-in='org.eclipse.wst.jsdt.ui', id='org.eclipse.wst.jsdt.ui.edit.text.java.extract.method'
!SUBENTRY 1 org.eclipse.ui 2 0 2020-10-15 23:31:05.689
!MESSAGE Cannot bind to an undefined command: plug-in='org.eclipse.wst.jsdt.ui', id='org.eclipse.wst.jsdt.ui.edit.text.java.extract.method'
!SUBENTRY 1 org.eclipse.ui 2 0 2020-10-15 23:31:05.690
!MESSAGE Cannot bind to an undefined command: plug-in='org.eclipse.wst.jsdt.ui', id='org.eclipse.wst.jsdt.ui.edit.text.java.extract.local.variable'
!SUBENTRY 1 org.eclipse.ui 2 0 2020-10-15 23:31:05.690
!MESSAGE Cannot bind to an undefined command: plug-in='org.eclipse.wst.jsdt.ui', id='org.eclipse.wst.jsdt.ui.edit.text.java.extract.local.variable'
!SUBENTRY 1 org.eclipse.ui 2 0 2020-10-15 23:31:05.690
!MESSAGE Cannot bind to an undefined command: plug-in='org.eclipse.wst.jsdt.ui', id='org.eclipse.wst.jsdt.ui.edit.text.java.open.hierarchy'
!SUBENTRY 1 org.eclipse.ui 2 0 2020-10-15 23:31:05.690
!MESSAGE Cannot bind to an undefined command: plug-in='org.eclipse.wst.jsdt.ui', id='org.eclipse.wst.jsdt.ui.TypeHierarchy'
!SUBENTRY 1 org.eclipse.ui 2 0 2020-10-15 23:31:05.690
!MESSAGE Cannot bind to an undefined command: plug-in='org.eclipse.wst.jsdt.ui', id='org.eclipse.wst.jsdt.ui.TypeHierarchy'
!SUBENTRY 1 org.eclipse.ui 2 0 2020-10-15 23:31:05.690
!MESSAGE Cannot bind to an undefined command: plug-in='org.eclipse.wst.jsdt.ui', id='org.eclipse.wst.jsdt.ui.PackageExplorer'
!SUBENTRY 1 org.eclipse.ui 2 0 2020-10-15 23:31:05.690
!MESSAGE Cannot bind to an undefined command: plug-in='org.eclipse.wst.jsdt.ui', id='org.eclipse.wst.jsdt.ui.PackageExplorer'
!SUBENTRY 1 org.eclipse.ui 2 0 2020-10-15 23:31:05.690
!MESSAGE Cannot bind to an undefined command: plug-in='org.eclipse.wst.jsdt.ui', id='org.eclipse.wst.jsdt.ui.SourceView'
!SUBENTRY 1 org.eclipse.ui 2 0 2020-10-15 23:31:05.690
!MESSAGE Cannot bind to an undefined command: plug-in='org.eclipse.wst.jsdt.ui', id='org.eclipse.wst.jsdt.ui.SourceView'
!SUBENTRY 1 org.eclipse.ui 2 0 2020-10-15 23:31:05.690
!MESSAGE Cannot bind to an undefined command: plug-in='org.eclipse.wst.jsdt.ui', id='org.eclipse.wst.jsdt.ui.JavadocView'
!SUBENTRY 1 org.eclipse.ui 2 0 2020-10-15 23:31:05.690
!MESSAGE Cannot bind to an undefined command: plug-in='org.eclipse.wst.jsdt.ui', id='org.eclipse.wst.jsdt.ui.JavadocView'

!ENTRY org.eclipse.jface 2 0 2020-10-15 23:31:06.702
!MESSAGE Keybinding conflicts occurred.  They may interfere with normal accelerator operation.
!SUBENTRY 1 org.eclipse.jface 2 0 2020-10-15 23:31:06.702
!MESSAGE A conflict occurred for CTRL+SHIFT+T:
Binding(CTRL+SHIFT+T,
	ParameterizedCommand(Command(org.eclipse.jdt.ui.navigate.open.type,Open Type,
		Open a type in a Java editor,
		Category(org.eclipse.ui.category.navigate,Navigate,null,true),
		org.eclipse.ui.internal.WorkbenchHandlerServiceHandler@cef23a8,
		,,true),null),
	org.eclipse.ui.defaultAcceleratorConfiguration,
	org.eclipse.ui.contexts.window,,,system)
Binding(CTRL+SHIFT+T,
	ParameterizedCommand(Command(org.eclipse.lsp4e.symbolinworkspace,Go to Symbol in Workspace,
		,
		Category(org.eclipse.lsp4e.category,Language Servers,null,true),
		org.eclipse.ui.internal.WorkbenchHandlerServiceHandler@762d2e4c,
		,,true),null),
	org.eclipse.ui.defaultAcceleratorConfiguration,
	org.eclipse.ui.contexts.window,,,system)

!ENTRY org.eclipse.egit.ui 2 0 2020-10-15 23:31:12.422
!MESSAGE Warning: The environment variable HOME is not set. The following directory will be used to store the Git
user global configuration and to define the default location to store repositories: 'C:\Users\siddh'. If this is
not correct please set the HOME environment variable and restart Eclipse. Otherwise Git for Windows and
EGit might behave differently since they see different configuration options.
This warning can be switched off on the Team > Git > Confirmations and Warnings preference page.
